<?xml version="1.0" encoding="UTF-8"?>
<!-- Generated by org.testng.reporters.JUnitReportReporter -->
<testsuite hostname="Amariss-Mac-mini.local" failures="0" tests="4" name="sw409.Test.employee1" time="1.193" errors="0" timestamp="2020-11-18T22:06:47 EST" skipped="0">
  <testcase classname="sw409.Test.employee1" name="updateUser" time="0.021"/>
  <system-out/>
  <testcase classname="sw409.Test.employee1" name="deleteUser" time="0.024"/>
  <system-out/>
  <testcase classname="sw409.Test.employee1" name="addUser" time="1.115"/>
  <system-out/>
  <testcase classname="sw409.Test.employee1" name="getUser" time="0.033"/>
  <system-out/>
</testsuite> <!-- sw409.Test.employee1 -->
